<?xml version="1.0" encoding="UTF-8"?>
<!-- Generated by org.testng.reporters.JUnitReportReporter -->
<testsuite hostname="DESKTOP-97VVJJ8" failures="0" tests="2" name="Selenium_Concepts.NewExtentReports" time="8.011" errors="0" timestamp="2023-10-27T16:27:40 IST" skipped="0">
  <testcase classname="Selenium_Concepts.NewExtentReports" name="setupFlip" time="7.638"/>
  <system-out/>
  <testcase classname="Selenium_Concepts.NewExtentReports" name="login" time="0.373"/>
  <system-out/>
</testsuite> <!-- Selenium_Concepts.NewExtentReports -->
