<?xml version="1.0" encoding="UTF-8"?>
<!-- Generated by org.testng.reporters.JUnitReportReporter -->
<testsuite hostname="DESKTOP-97VVJJ8" failures="0" tests="2" name="Selenium_Concepts.dropDown_Handling" time="5.854" errors="0" timestamp="2023-10-27T16:08:47 IST" skipped="0">
  <testcase classname="Selenium_Concepts.dropDown_Handling" name="setupFlip" time="5.566"/>
  <system-out/>
  <testcase classname="Selenium_Concepts.dropDown_Handling" name="login" time="0.288"/>
  <system-out/>
</testsuite> <!-- Selenium_Concepts.dropDown_Handling -->
