<?xml version="1.0" encoding="UTF-8"?>
<!-- Generated by org.testng.reporters.JUnitReportReporter -->
<testsuite hostname="DESKTOP-97VVJJ8" failures="0" tests="2" name="testcases.testLogin" time="19.591" errors="0" timestamp="2023-09-22T11:22:30 IST" skipped="0">
  <testcase classname="testcases.testLogin" name="setup" time="11.709"/>
  <system-out/>
  <testcase classname="testcases.testLogin" name="testLogin" time="7.882"/>
  <system-out/>
</testsuite> <!-- testcases.testLogin -->
