<?xml version="1.0" encoding="UTF-8"?>
<!-- Generated by org.testng.reporters.JUnitReportReporter -->
<testsuite hostname="DESKTOP-97VVJJ8" failures="0" tests="3" name="batchesinTestNG.Batches_Testng" time="0.014" errors="0" timestamp="2023-10-17T13:25:34 IST" skipped="0">
  <testcase classname="batchesinTestNG.Batches_Testng" name="user1" time="0.010"/>
  <system-out/>
  <testcase classname="batchesinTestNG.Batches_Testng" name="user3" time="0.003"/>
  <system-out/>
  <testcase classname="batchesinTestNG.Batches_Testng" name="user2" time="0.001"/>
  <system-out/>
</testsuite> <!-- batchesinTestNG.Batches_Testng -->
