<?xml version="1.0" encoding="UTF-8"?>
<!-- Generated by org.testng.reporters.JUnitReportReporter -->
<testsuite hostname="DESKTOP-97VVJJ8" failures="0" tests="3" name="batchesinTestNG.singup" time="0.009" errors="0" timestamp="2023-10-17T13:25:34 IST" skipped="0">
  <testcase classname="batchesinTestNG.singup" name="signup2" time="0.004"/>
  <system-out/>
  <testcase classname="batchesinTestNG.singup" name="signup3" time="0.003"/>
  <system-out/>
  <testcase classname="batchesinTestNG.singup" name="signup1" time="0.002"/>
  <system-out/>
</testsuite> <!-- batchesinTestNG.singup -->
