<?xml version="1.0" encoding="UTF-8"?>
<!-- Generated by org.testng.reporters.JUnitReportReporter -->
<testsuite hostname="DESKTOP-97VVJJ8" failures="0" tests="3" name="TestNG_Basics.Batches_Testng" time="0.012" errors="0" timestamp="2023-10-17T11:42:19 IST" skipped="0">
  <testcase classname="TestNG_Basics.Batches_Testng" name="user2" time="0.001"/>
  <system-out/>
  <testcase classname="TestNG_Basics.Batches_Testng" name="user1" time="0.009"/>
  <system-out/>
  <testcase classname="TestNG_Basics.Batches_Testng" name="user3" time="0.002"/>
  <system-out/>
</testsuite> <!-- TestNG_Basics.Batches_Testng -->
