<?xml version="1.0" encoding="UTF-8"?>
<!-- Generated by org.testng.reporters.JUnitReportReporter -->
<testsuite hostname="DESKTOP-97VVJJ8" failures="0" tests="3" name="TestNG_Basics.singup" time="0.006" errors="0" timestamp="2023-10-17T11:42:19 IST" skipped="0">
  <testcase classname="TestNG_Basics.singup" name="signup3" time="0.002"/>
  <system-out/>
  <testcase classname="TestNG_Basics.singup" name="signup1" time="0.002"/>
  <system-out/>
  <testcase classname="TestNG_Basics.singup" name="signup2" time="0.002"/>
  <system-out/>
</testsuite> <!-- TestNG_Basics.singup -->
