<?xml version="1.0" encoding="UTF-8"?>
<!-- Generated by org.testng.reporters.JUnitReportReporter -->
<testsuite hostname="DESKTOP-97VVJJ8" failures="0" tests="1" name="MTA_PACK.ExtentReport" time="0.001" errors="0" timestamp="2023-06-30T16:21:46 IST" skipped="0">
  <testcase classname="MTA_PACK.ExtentReport" name="startTest" time="0.001"/>
  <system-out/>
</testsuite> <!-- MTA_PACK.ExtentReport -->
