<?xml version="1.0" encoding="UTF-8"?>
<!-- Generated by org.testng.reporters.JUnitReportReporter -->
<testsuite hostname="DESKTOP-97VVJJ8" failures="0" tests="3" name="PlayGroup_Automate.PlayTest" time="7.263" errors="0" timestamp="2023-07-05T15:21:01 IST" skipped="0">
  <testcase classname="PlayGroup_Automate.PlayTest" name="verifyTitle" time="0.020"/>
  <system-out/>
  <testcase classname="PlayGroup_Automate.PlayTest" name="verifyValidLogin" time="0.255"/>
  <system-out/>
  <testcase classname="PlayGroup_Automate.PlayTest" name="validateDashBoard" time="6.988"/>
  <system-out/>
</testsuite> <!-- PlayGroup_Automate.PlayTest -->
