<?xml version="1.0" encoding="UTF-8"?>
<!-- Generated by org.testng.reporters.JUnitReportReporter -->
<testsuite hostname="DESKTOP-97VVJJ8" failures="0" tests="3" name="MTA_PACK.MTA_Login" time="0.364" errors="0" timestamp="2023-07-05T13:31:02 IST" skipped="0">
  <testcase classname="MTA_PACK.MTA_Login" name="verifyTitle" time="0.015"/>
  <system-out/>
  <testcase classname="MTA_PACK.MTA_Login" name="verifyMTALogo" time="0.060"/>
  <system-out/>
  <testcase classname="MTA_PACK.MTA_Login" name="Login" time="0.289"/>
  <system-out/>
</testsuite> <!-- MTA_PACK.MTA_Login -->
