<?xml version="1.0" encoding="UTF-8"?>
<!-- Generated by org.testng.reporters.JUnitReportReporter -->
<testsuite hostname="DESKTOP-97VVJJ8" failures="0" tests="3" name="Flipkart_Automate.Flip_Auto" time="13.223" errors="0" timestamp="2023-10-26T12:54:22 IST" skipped="0">
  <testcase classname="Flipkart_Automate.Flip_Auto" name="setupFlip" time="4.192"/>
  <system-out/>
  <testcase classname="Flipkart_Automate.Flip_Auto" name="login" time="0.276"/>
  <system-out/>
  <testcase classname="Flipkart_Automate.Flip_Auto" name="CreateNewTeam" time="8.755"/>
  <system-out/>
</testsuite> <!-- Flipkart_Automate.Flip_Auto -->
