<?xml version="1.0" encoding="UTF-8"?>
<!-- Generated by org.testng.reporters.JUnitReportReporter -->
<testsuite hostname="DESKTOP-97VVJJ8" failures="0" tests="1" name="com.basicTestCaseStructurePOM.mt_Basic_LoginTestcase" time="8.850" errors="0" timestamp="2023-08-09T13:10:56 IST" skipped="0">
  <testcase classname="com.basicTestCaseStructurePOM.mt_Basic_LoginTestcase" name="mtlogin" time="8.850"/>
  <system-out/>
</testsuite> <!-- com.basicTestCaseStructurePOM.mt_Basic_LoginTestcase -->
