<?xml version="1.0" encoding="UTF-8"?>
<!-- Generated by org.testng.reporters.JUnitReportReporter -->
<testsuite hostname="DESKTOP-97VVJJ8" failures="0" tests="3" name="ExtentReportTypes.glreport" time="3.099" errors="0" timestamp="2023-07-11T15:11:34 IST" skipped="0">
  <testcase classname="ExtentReportTypes.glreport" name="setfile" time="2.821"/>
  <system-out/>
  <testcase classname="ExtentReportTypes.glreport" name="verifyTitle" time="0.027"/>
  <system-out/>
  <testcase classname="ExtentReportTypes.glreport" name="verifyValidLogin" time="0.251"/>
  <system-out/>
</testsuite> <!-- ExtentReportTypes.glreport -->
