<?xml version="1.0" encoding="UTF-8"?>
<!-- Generated by org.testng.reporters.JUnitReportReporter -->
<testsuite hostname="DESKTOP-97VVJJ8" failures="0" tests="1" name="ExtentReportTypes.ReportExet" time="3.036" errors="0" timestamp="2023-07-12T10:37:16 IST" skipped="0">
  <testcase classname="ExtentReportTypes.ReportExet" name="set" time="3.036"/>
  <system-out/>
</testsuite> <!-- ExtentReportTypes.ReportExet -->
