<?xml version="1.0" encoding="UTF-8"?>
<!-- Generated by org.testng.reporters.JUnitReportReporter -->
<testsuite hostname="DESKTOP-97VVJJ8" failures="0" tests="1" name="ExtentReportTypes.ReportExet" time="3.485" errors="0" timestamp="2023-10-16T16:21:32 IST" skipped="0">
  <testcase classname="ExtentReportTypes.ReportExet" name="setup" time="3.485"/>
  <system-out/>
</testsuite> <!-- ExtentReportTypes.ReportExet -->
