<?xml version="1.0" encoding="UTF-8"?>
<!-- Generated by org.testng.reporters.JUnitReportReporter -->
<testsuite hostname="DESKTOP-97VVJJ8" failures="0" tests="1" name="com.demoPageObject.testMta" time="4.151" errors="0" timestamp="2023-07-19T10:58:58 IST" skipped="0">
  <testcase classname="com.demoPageObject.testMta" name="set" time="4.151"/>
  <system-out/>
</testsuite> <!-- com.demoPageObject.testMta -->
