<?xml version="1.0" encoding="UTF-8"?>
<!-- Generated by org.testng.reporters.JUnitReportReporter -->
<testsuite hostname="DESKTOP-97VVJJ8" failures="0" tests="1" name="mySwanAdd.DirectLocate" time="8.178" errors="0" timestamp="2023-06-08T13:38:23 IST" skipped="0">
  <testcase classname="mySwanAdd.DirectLocate" name="login" time="8.178"/>
  <system-out/>
</testsuite> <!-- mySwanAdd.DirectLocate -->
