<?xml version="1.0" encoding="UTF-8"?>
<!-- Generated by org.testng.reporters.JUnitReportReporter -->
<testsuite hostname="DESKTOP-97VVJJ8" failures="0" tests="1" name="mySwanAdd.jar" time="5.006" errors="0" timestamp="2023-06-06T12:58:41 IST" skipped="0">
  <testcase classname="mySwanAdd.jar" name="login" time="5.006"/>
  <system-out/>
</testsuite> <!-- mySwanAdd.jar -->
