<?xml version="1.0" encoding="UTF-8"?>
<!-- Generated by org.testng.reporters.JUnitReportReporter -->
<testsuite hostname="DESKTOP-97VVJJ8" failures="0" tests="4" name="MTAPack.AddProject" time="19.307" errors="0" timestamp="2023-06-22T16:14:10 IST" skipped="1">
  <testcase classname="MTAPack.AddProject" name="Setup" time="7.445"/>
  <system-out/>
  <testcase classname="MTAPack.AddProject" name="Login" time="4.383"/>
  <system-out/>
  <testcase classname="MTAPack.AddProject" name="AddProjectInTeam" time="7.479"/>
  <system-out/>
  <testcase classname="MTAPack.AddProject" name="CreateNewTeam">
    <skipped/>
  </testcase> <!-- CreateNewTeam -->
  <system-out/>
</testsuite> <!-- MTAPack.AddProject -->
